Analysis & Synthesis report for core_flattened
Wed Mar 16 11:25:44 2016
Quartus II 64-Bit Version 15.0.0 Build 145 04/22/2015 SJ Web Edition


---------------------
; Table of Contents ;
---------------------
  1. Legal Notice
  2. Analysis & Synthesis Summary
  3. Analysis & Synthesis Settings
  4. Parallel Compilation
  5. Analysis & Synthesis Source Files Read
  6. Analysis & Synthesis Resource Usage Summary
  7. Analysis & Synthesis Resource Utilization by Entity
  8. Analysis & Synthesis RAM Summary
  9. Registers Removed During Synthesis
 10. Removed Registers Triggering Further Register Optimizations
 11. General Register Statistics
 12. Registers Added for RAM Pass-Through Logic
 13. Multiplexer Restructuring Statistics (Restructuring Performed)
 14. Source assignments for core:core1|instr_mem:imem|altsyncram:mem[0].opcode[4]__1|altsyncram_gg81:auto_generated
 15. Source assignments for core:core1|reg_file:rf|altsyncram:RF_rtl_0|altsyncram_9sd1:auto_generated
 16. Source assignments for core:core1|reg_file:rf|altsyncram:RF_rtl_1|altsyncram_9sd1:auto_generated
 17. Parameter Settings for User Entity Instance: core:core1
 18. Parameter Settings for User Entity Instance: core:core1|instr_mem:imem
 19. Parameter Settings for User Entity Instance: core:core1|instr_mem:imem|altsyncram:mem[0].opcode[4]__1
 20. Parameter Settings for User Entity Instance: core:core1|reg_file:rf
 21. Parameter Settings for Inferred Entity Instance: core:core1|reg_file:rf|altsyncram:RF_rtl_0
 22. Parameter Settings for Inferred Entity Instance: core:core1|reg_file:rf|altsyncram:RF_rtl_1
 23. altsyncram Parameter Settings by Entity Instance
 24. Port Connectivity Checks: "core:core1|reg_file:rf"
 25. Post-Synthesis Netlist Statistics for Top Partition
 26. Elapsed Time Per Partition
 27. Analysis & Synthesis Messages
 28. Analysis & Synthesis Suppressed Messages



----------------
; Legal Notice ;
----------------
Copyright (C) 1991-2015 Altera Corporation. All rights reserved.
Your use of Altera Corporation's design tools, logic functions 
and other software and tools, and its AMPP partner logic 
functions, and any output files from any of the foregoing 
(including device programming or simulation files), and any 
associated documentation or information are expressly subject 
to the terms and conditions of the Altera Program License 
Subscription Agreement, the Altera Quartus II License Agreement,
the Altera MegaCore Function License Agreement, or other 
applicable license agreement, including, without limitation, 
that your use is for the sole purpose of programming logic 
devices manufactured by Altera and sold by Altera or its 
authorized distributors.  Please refer to the applicable 
agreement for further details.



+---------------------------------------------------------------------------------+
; Analysis & Synthesis Summary                                                    ;
+------------------------------------+--------------------------------------------+
; Analysis & Synthesis Status        ; Successful - Wed Mar 16 11:25:44 2016      ;
; Quartus II 64-Bit Version          ; 15.0.0 Build 145 04/22/2015 SJ Web Edition ;
; Revision Name                      ; core_flattened                             ;
; Top-level Entity Name              ; core_flattened                             ;
; Family                             ; Cyclone IV E                               ;
; Total logic elements               ; 1,564                                      ;
;     Total combinational functions  ; 1,481                                      ;
;     Dedicated logic registers      ; 296                                        ;
; Total registers                    ; 296                                        ;
; Total pins                         ; 272                                        ;
; Total virtual pins                 ; 0                                          ;
; Total memory bits                  ; 20,480                                     ;
; Embedded Multiplier 9-bit elements ; 0                                          ;
; Total PLLs                         ; 0                                          ;
+------------------------------------+--------------------------------------------+


+----------------------------------------------------------------------------------------------------------------------+
; Analysis & Synthesis Settings                                                                                        ;
+----------------------------------------------------------------------------+--------------------+--------------------+
; Option                                                                     ; Setting            ; Default Value      ;
+----------------------------------------------------------------------------+--------------------+--------------------+
; Device                                                                     ; EP4CE40F29C6       ;                    ;
; Top-level entity name                                                      ; core_flattened     ; core_flattened     ;
; Family name                                                                ; Cyclone IV E       ; Cyclone V          ;
; Use smart compilation                                                      ; Off                ; Off                ;
; Enable parallel Assembler and TimeQuest Timing Analyzer during compilation ; On                 ; On                 ;
; Enable compact report table                                                ; Off                ; Off                ;
; Restructure Multiplexers                                                   ; Auto               ; Auto               ;
; Create Debugging Nodes for IP Cores                                        ; Off                ; Off                ;
; Preserve fewer node names                                                  ; On                 ; On                 ;
; Disable OpenCore Plus hardware evaluation                                  ; Off                ; Off                ;
; Verilog Version                                                            ; Verilog_2001       ; Verilog_2001       ;
; VHDL Version                                                               ; VHDL_1993          ; VHDL_1993          ;
; State Machine Processing                                                   ; Auto               ; Auto               ;
; Safe State Machine                                                         ; Off                ; Off                ;
; Extract Verilog State Machines                                             ; On                 ; On                 ;
; Extract VHDL State Machines                                                ; On                 ; On                 ;
; Ignore Verilog initial constructs                                          ; Off                ; Off                ;
; Iteration limit for constant Verilog loops                                 ; 5000               ; 5000               ;
; Iteration limit for non-constant Verilog loops                             ; 250                ; 250                ;
; Add Pass-Through Logic to Inferred RAMs                                    ; On                 ; On                 ;
; Infer RAMs from Raw Logic                                                  ; On                 ; On                 ;
; Parallel Synthesis                                                         ; On                 ; On                 ;
; DSP Block Balancing                                                        ; Auto               ; Auto               ;
; NOT Gate Push-Back                                                         ; On                 ; On                 ;
; Power-Up Don't Care                                                        ; On                 ; On                 ;
; Remove Redundant Logic Cells                                               ; Off                ; Off                ;
; Remove Duplicate Registers                                                 ; On                 ; On                 ;
; Ignore CARRY Buffers                                                       ; Off                ; Off                ;
; Ignore CASCADE Buffers                                                     ; Off                ; Off                ;
; Ignore GLOBAL Buffers                                                      ; Off                ; Off                ;
; Ignore ROW GLOBAL Buffers                                                  ; Off                ; Off                ;
; Ignore LCELL Buffers                                                       ; Off                ; Off                ;
; Ignore SOFT Buffers                                                        ; On                 ; On                 ;
; Limit AHDL Integers to 32 Bits                                             ; Off                ; Off                ;
; Optimization Technique                                                     ; Balanced           ; Balanced           ;
; Carry Chain Length                                                         ; 70                 ; 70                 ;
; Auto Carry Chains                                                          ; On                 ; On                 ;
; Auto Open-Drain Pins                                                       ; On                 ; On                 ;
; Perform WYSIWYG Primitive Resynthesis                                      ; Off                ; Off                ;
; Auto ROM Replacement                                                       ; On                 ; On                 ;
; Auto RAM Replacement                                                       ; On                 ; On                 ;
; Auto DSP Block Replacement                                                 ; On                 ; On                 ;
; Auto Shift Register Replacement                                            ; Auto               ; Auto               ;
; Allow Shift Register Merging across Hierarchies                            ; Auto               ; Auto               ;
; Auto Clock Enable Replacement                                              ; On                 ; On                 ;
; Strict RAM Replacement                                                     ; Off                ; Off                ;
; Allow Synchronous Control Signals                                          ; On                 ; On                 ;
; Force Use of Synchronous Clear Signals                                     ; Off                ; Off                ;
; Auto RAM Block Balancing                                                   ; On                 ; On                 ;
; Auto RAM to Logic Cell Conversion                                          ; Off                ; Off                ;
; Auto Resource Sharing                                                      ; Off                ; Off                ;
; Allow Any RAM Size For Recognition                                         ; Off                ; Off                ;
; Allow Any ROM Size For Recognition                                         ; Off                ; Off                ;
; Allow Any Shift Register Size For Recognition                              ; Off                ; Off                ;
; Use LogicLock Constraints during Resource Balancing                        ; On                 ; On                 ;
; Ignore translate_off and synthesis_off directives                          ; Off                ; Off                ;
; Timing-Driven Synthesis                                                    ; On                 ; On                 ;
; Report Parameter Settings                                                  ; On                 ; On                 ;
; Report Source Assignments                                                  ; On                 ; On                 ;
; Report Connectivity Checks                                                 ; On                 ; On                 ;
; Ignore Maximum Fan-Out Assignments                                         ; Off                ; Off                ;
; Synchronization Register Chain Length                                      ; 2                  ; 2                  ;
; PowerPlay Power Optimization During Synthesis                              ; Normal compilation ; Normal compilation ;
; HDL message level                                                          ; Level2             ; Level2             ;
; Suppress Register Optimization Related Messages                            ; Off                ; Off                ;
; Number of Removed Registers Reported in Synthesis Report                   ; 5000               ; 5000               ;
; Number of Swept Nodes Reported in Synthesis Report                         ; 5000               ; 5000               ;
; Number of Inverted Registers Reported in Synthesis Report                  ; 100                ; 100                ;
; Clock MUX Protection                                                       ; On                 ; On                 ;
; Auto Gated Clock Conversion                                                ; Off                ; Off                ;
; Block Design Naming                                                        ; Auto               ; Auto               ;
; SDC constraint protection                                                  ; Off                ; Off                ;
; Synthesis Effort                                                           ; Auto               ; Auto               ;
; Shift Register Replacement - Allow Asynchronous Clear Signal               ; On                 ; On                 ;
; Pre-Mapping Resynthesis Optimization                                       ; Off                ; Off                ;
; Analysis & Synthesis Message Level                                         ; Medium             ; Medium             ;
; Disable Register Merging Across Hierarchies                                ; Auto               ; Auto               ;
; Resource Aware Inference For Block RAM                                     ; On                 ; On                 ;
; Synthesis Seed                                                             ; 1                  ; 1                  ;
+----------------------------------------------------------------------------+--------------------+--------------------+


Parallel compilation was disabled, but you have multiple processors available. Enable parallel compilation to reduce compilation time.
+-------------------------------------+
; Parallel Compilation                ;
+----------------------------+--------+
; Processors                 ; Number ;
+----------------------------+--------+
; Number detected on machine ; 8      ;
; Maximum allowed            ; 1      ;
+----------------------------+--------+


+----------------------------------------------------------------------------------------------------------------------------------------------------------------------------------------+
; Analysis & Synthesis Source Files Read                                                                                                                                                 ;
+----------------------------------+-----------------+------------------------------+------------------------------------------------------------------------------------------+---------+
; File Name with User-Entered Path ; Used in Netlist ; File Type                    ; File Name with Absolute Path                                                             ; Library ;
+----------------------------------+-----------------+------------------------------+------------------------------------------------------------------------------------------+---------+
; ../src/core_flattened.sv         ; yes             ; User SystemVerilog HDL File  ; C:/Users/Michael/Documents/SchoolWorks/2015/CSE141L/Lab3/core/src/core_flattened.sv      ;         ;
; ../src/reg_file.sv               ; yes             ; User SystemVerilog HDL File  ; C:/Users/Michael/Documents/SchoolWorks/2015/CSE141L/Lab3/core/src/reg_file.sv            ;         ;
; ../src/instr_mem.sv              ; yes             ; User SystemVerilog HDL File  ; C:/Users/Michael/Documents/SchoolWorks/2015/CSE141L/Lab3/core/src/instr_mem.sv           ;         ;
; ../src/definitions.sv            ; yes             ; User SystemVerilog HDL File  ; C:/Users/Michael/Documents/SchoolWorks/2015/CSE141L/Lab3/core/src/definitions.sv         ;         ;
; ../src/core.sv                   ; yes             ; User SystemVerilog HDL File  ; C:/Users/Michael/Documents/SchoolWorks/2015/CSE141L/Lab3/core/src/core.sv                ;         ;
; ../src/cl_state_machine.sv       ; yes             ; User SystemVerilog HDL File  ; C:/Users/Michael/Documents/SchoolWorks/2015/CSE141L/Lab3/core/src/cl_state_machine.sv    ;         ;
; ../src/cl_decode.sv              ; yes             ; User SystemVerilog HDL File  ; C:/Users/Michael/Documents/SchoolWorks/2015/CSE141L/Lab3/core/src/cl_decode.sv           ;         ;
; ../src/alu.sv                    ; yes             ; User SystemVerilog HDL File  ; C:/Users/Michael/Documents/SchoolWorks/2015/CSE141L/Lab3/core/src/alu.sv                 ;         ;
; altsyncram.tdf                   ; yes             ; Megafunction                 ; c:/altera/15.0/quartus/libraries/megafunctions/altsyncram.tdf                            ;         ;
; stratix_ram_block.inc            ; yes             ; Megafunction                 ; c:/altera/15.0/quartus/libraries/megafunctions/stratix_ram_block.inc                     ;         ;
; lpm_mux.inc                      ; yes             ; Megafunction                 ; c:/altera/15.0/quartus/libraries/megafunctions/lpm_mux.inc                               ;         ;
; lpm_decode.inc                   ; yes             ; Megafunction                 ; c:/altera/15.0/quartus/libraries/megafunctions/lpm_decode.inc                            ;         ;
; aglobal150.inc                   ; yes             ; Megafunction                 ; c:/altera/15.0/quartus/libraries/megafunctions/aglobal150.inc                            ;         ;
; a_rdenreg.inc                    ; yes             ; Megafunction                 ; c:/altera/15.0/quartus/libraries/megafunctions/a_rdenreg.inc                             ;         ;
; altrom.inc                       ; yes             ; Megafunction                 ; c:/altera/15.0/quartus/libraries/megafunctions/altrom.inc                                ;         ;
; altram.inc                       ; yes             ; Megafunction                 ; c:/altera/15.0/quartus/libraries/megafunctions/altram.inc                                ;         ;
; altdpram.inc                     ; yes             ; Megafunction                 ; c:/altera/15.0/quartus/libraries/megafunctions/altdpram.inc                              ;         ;
; db/altsyncram_gg81.tdf           ; yes             ; Auto-Generated Megafunction  ; C:/Users/Michael/Documents/SchoolWorks/2015/CSE141L/Lab3/core/prj/db/altsyncram_gg81.tdf ;         ;
; db/altsyncram_9sd1.tdf           ; yes             ; Auto-Generated Megafunction  ; C:/Users/Michael/Documents/SchoolWorks/2015/CSE141L/Lab3/core/prj/db/altsyncram_9sd1.tdf ;         ;
+----------------------------------+-----------------+------------------------------+------------------------------------------------------------------------------------------+---------+


+---------------------------------------------------------+
; Analysis & Synthesis Resource Usage Summary             ;
+---------------------------------------------+-----------+
; Resource                                    ; Usage     ;
+---------------------------------------------+-----------+
; Estimated Total logic elements              ; 1,564     ;
;                                             ;           ;
; Total combinational functions               ; 1481      ;
; Logic element usage by number of LUT inputs ;           ;
;     -- 4 input functions                    ; 735       ;
;     -- 3 input functions                    ; 556       ;
;     -- <=2 input functions                  ; 190       ;
;                                             ;           ;
; Logic elements by mode                      ;           ;
;     -- normal mode                          ; 1338      ;
;     -- arithmetic mode                      ; 143       ;
;                                             ;           ;
; Total registers                             ; 296       ;
;     -- Dedicated logic registers            ; 296       ;
;     -- I/O registers                        ; 0         ;
;                                             ;           ;
; I/O pins                                    ; 272       ;
; Total memory bits                           ; 20480     ;
;                                             ;           ;
; Embedded Multiplier 9-bit elements          ; 0         ;
;                                             ;           ;
; Maximum fan-out node                        ; clk~input ;
; Maximum fan-out                             ; 376       ;
; Total fan-out                               ; 7492      ;
; Average fan-out                             ; 3.12      ;
+---------------------------------------------+-----------+


+-----------------------------------------------------------------------------------------------------------------------------------------------------------------------------------------------------------------------------------------------------------------------------------+
; Analysis & Synthesis Resource Utilization by Entity                                                                                                                                                                                                                               ;
+----------------------------------------------+-------------------+--------------+-------------+--------------+---------+-----------+------+--------------+---------------------------------------------------------------------------------------------------------+--------------+
; Compilation Hierarchy Node                   ; LC Combinationals ; LC Registers ; Memory Bits ; DSP Elements ; DSP 9x9 ; DSP 18x18 ; Pins ; Virtual Pins ; Full Hierarchy Name                                                                                     ; Library Name ;
+----------------------------------------------+-------------------+--------------+-------------+--------------+---------+-----------+------+--------------+---------------------------------------------------------------------------------------------------------+--------------+
; |core_flattened                              ; 1481 (1)          ; 296 (0)      ; 20480       ; 0            ; 0       ; 0         ; 272  ; 0            ; |core_flattened                                                                                         ; work         ;
;    |core:core1|                              ; 1480 (734)        ; 296 (207)    ; 20480       ; 0            ; 0       ; 0         ; 0    ; 0            ; |core_flattened|core:core1                                                                              ; work         ;
;       |alu:alu_1|                            ; 719 (719)         ; 0 (0)        ; 0           ; 0            ; 0       ; 0         ; 0    ; 0            ; |core_flattened|core:core1|alu:alu_1                                                                    ; work         ;
;       |cl_decode:decode|                     ; 5 (5)             ; 0 (0)        ; 0           ; 0            ; 0       ; 0         ; 0    ; 0            ; |core_flattened|core:core1|cl_decode:decode                                                             ; work         ;
;       |cl_state_machine:state_machine|       ; 8 (8)             ; 0 (0)        ; 0           ; 0            ; 0       ; 0         ; 0    ; 0            ; |core_flattened|core:core1|cl_state_machine:state_machine                                               ; work         ;
;       |instr_mem:imem|                       ; 0 (0)             ; 0 (0)        ; 16384       ; 0            ; 0       ; 0         ; 0    ; 0            ; |core_flattened|core:core1|instr_mem:imem                                                               ; work         ;
;          |altsyncram:mem[0].opcode[4]__1|    ; 0 (0)             ; 0 (0)        ; 16384       ; 0            ; 0       ; 0         ; 0    ; 0            ; |core_flattened|core:core1|instr_mem:imem|altsyncram:mem[0].opcode[4]__1                                ; work         ;
;             |altsyncram_gg81:auto_generated| ; 0 (0)             ; 0 (0)        ; 16384       ; 0            ; 0       ; 0         ; 0    ; 0            ; |core_flattened|core:core1|instr_mem:imem|altsyncram:mem[0].opcode[4]__1|altsyncram_gg81:auto_generated ; work         ;
;       |reg_file:rf|                          ; 14 (14)           ; 89 (89)      ; 4096        ; 0            ; 0       ; 0         ; 0    ; 0            ; |core_flattened|core:core1|reg_file:rf                                                                  ; work         ;
;          |altsyncram:RF_rtl_0|               ; 0 (0)             ; 0 (0)        ; 2048        ; 0            ; 0       ; 0         ; 0    ; 0            ; |core_flattened|core:core1|reg_file:rf|altsyncram:RF_rtl_0                                              ; work         ;
;             |altsyncram_9sd1:auto_generated| ; 0 (0)             ; 0 (0)        ; 2048        ; 0            ; 0       ; 0         ; 0    ; 0            ; |core_flattened|core:core1|reg_file:rf|altsyncram:RF_rtl_0|altsyncram_9sd1:auto_generated               ; work         ;
;          |altsyncram:RF_rtl_1|               ; 0 (0)             ; 0 (0)        ; 2048        ; 0            ; 0       ; 0         ; 0    ; 0            ; |core_flattened|core:core1|reg_file:rf|altsyncram:RF_rtl_1                                              ; work         ;
;             |altsyncram_9sd1:auto_generated| ; 0 (0)             ; 0 (0)        ; 2048        ; 0            ; 0       ; 0         ; 0    ; 0            ; |core_flattened|core:core1|reg_file:rf|altsyncram:RF_rtl_1|altsyncram_9sd1:auto_generated               ; work         ;
+----------------------------------------------+-------------------+--------------+-------------+--------------+---------+-----------+------+--------------+---------------------------------------------------------------------------------------------------------+--------------+
Note: For table entries with two numbers listed, the numbers in parentheses indicate the number of resources of the given type used by the specific entity alone. The numbers listed outside of parentheses indicate the total resources of the given type used by the specific entity and all of its sub-entities in the hierarchy.


+---------------------------------------------------------------------------------------------------------------------------------------------------------------------------------------------------------+
; Analysis & Synthesis RAM Summary                                                                                                                                                                        ;
+----------------------------------------------------------------------------------------------------+------+------------------+--------------+--------------+--------------+--------------+-------+------+
; Name                                                                                               ; Type ; Mode             ; Port A Depth ; Port A Width ; Port B Depth ; Port B Width ; Size  ; MIF  ;
+----------------------------------------------------------------------------------------------------+------+------------------+--------------+--------------+--------------+--------------+-------+------+
; core:core1|instr_mem:imem|altsyncram:mem[0].opcode[4]__1|altsyncram_gg81:auto_generated|ALTSYNCRAM ; AUTO ; Single Port      ; 1024         ; 16           ; --           ; --           ; 16384 ; None ;
; core:core1|reg_file:rf|altsyncram:RF_rtl_0|altsyncram_9sd1:auto_generated|ALTSYNCRAM               ; AUTO ; Simple Dual Port ; 64           ; 32           ; 64           ; 32           ; 2048  ; None ;
; core:core1|reg_file:rf|altsyncram:RF_rtl_1|altsyncram_9sd1:auto_generated|ALTSYNCRAM               ; AUTO ; Simple Dual Port ; 64           ; 32           ; 64           ; 32           ; 2048  ; None ;
+----------------------------------------------------------------------------------------------------+------+------------------+--------------+--------------+--------------+--------------+-------+------+


+-------------------------------------------------------------------------------------+
; Registers Removed During Synthesis                                                  ;
+--------------------------------------------+----------------------------------------+
; Register name                              ; Reason for Removal                     ;
+--------------------------------------------+----------------------------------------+
; core:core1|instruction_3_r.rs_imm[0]~en    ; Lost fanout                            ;
; core:core1|instruction_3_r.rs_imm[1]~en    ; Lost fanout                            ;
; core:core1|instruction_3_r.rs_imm[2]~en    ; Lost fanout                            ;
; core:core1|instruction_3_r.rs_imm[3]~en    ; Lost fanout                            ;
; core:core1|instruction_3_r.rs_imm[4]~en    ; Lost fanout                            ;
; core:core1|instruction_3_r.rs_imm[5]~en    ; Lost fanout                            ;
; core:core1|instruction_3_r.rd[0]~en        ; Lost fanout                            ;
; core:core1|instruction_3_r.rd[1]~en        ; Lost fanout                            ;
; core:core1|instruction_3_r.rd[2]~en        ; Lost fanout                            ;
; core:core1|instruction_3_r.rd[3]~en        ; Lost fanout                            ;
; core:core1|instruction_3_r.rd[4]~en        ; Lost fanout                            ;
; core:core1|instruction_2_r.rs_imm[0]~en    ; Lost fanout                            ;
; core:core1|instruction_2_r.rs_imm[1]~en    ; Lost fanout                            ;
; core:core1|instruction_2_r.rs_imm[2]~en    ; Lost fanout                            ;
; core:core1|instruction_2_r.rs_imm[3]~en    ; Lost fanout                            ;
; core:core1|instruction_2_r.rs_imm[4]~en    ; Lost fanout                            ;
; core:core1|instruction_2_r.rs_imm[5]~en    ; Lost fanout                            ;
; core:core1|instruction_2_r.rd[0]~en        ; Lost fanout                            ;
; core:core1|instruction_2_r.rd[1]~en        ; Lost fanout                            ;
; core:core1|instruction_2_r.rd[2]~en        ; Lost fanout                            ;
; core:core1|instruction_2_r.rd[3]~en        ; Lost fanout                            ;
; core:core1|instruction_2_r.rd[4]~en        ; Lost fanout                            ;
; core:core1|instruction_1_r.rs_imm[0]~en    ; Lost fanout                            ;
; core:core1|instruction_1_r.rs_imm[1]~en    ; Lost fanout                            ;
; core:core1|instruction_1_r.rs_imm[2]~en    ; Lost fanout                            ;
; core:core1|instruction_1_r.rs_imm[3]~en    ; Lost fanout                            ;
; core:core1|instruction_1_r.rs_imm[4]~en    ; Lost fanout                            ;
; core:core1|instruction_1_r.rs_imm[5]~en    ; Lost fanout                            ;
; core:core1|instruction_1_r.rd[0]~en        ; Lost fanout                            ;
; core:core1|instruction_1_r.rd[1]~en        ; Lost fanout                            ;
; core:core1|instruction_1_r.rd[2]~en        ; Lost fanout                            ;
; core:core1|instruction_1_r.rd[3]~en        ; Lost fanout                            ;
; core:core1|instruction_1_r.rd[4]~en        ; Lost fanout                            ;
; core:core1|mem_stage_r[2..9,11..31]        ; Merged with core:core1|mem_stage_r[10] ;
; core:core1|mem_stage_r[10]                 ; Stuck at GND due to stuck port data_in ;
; core:core1|rd_addr_2_r[5]                  ; Stuck at GND due to stuck port data_in ;
; core:core1|wd_addr_3_r[5]                  ; Stuck at GND due to stuck port data_in ;
; core:core1|reg_file:rf|RF_rtl_0_bypass[12] ; Stuck at GND due to stuck port data_in ;
; Total Number of Removed Registers = 66     ;                                        ;
+--------------------------------------------+----------------------------------------+


+-------------------------------------------------------------------------------------------------+
; Removed Registers Triggering Further Register Optimizations                                     ;
+----------------------------+---------------------------+----------------------------------------+
; Register name              ; Reason for Removal        ; Registers Removed due to This Register ;
+----------------------------+---------------------------+----------------------------------------+
; core:core1|mem_stage_r[10] ; Stuck at GND              ; core:core1|wd_addr_3_r[5]              ;
;                            ; due to stuck port data_in ;                                        ;
+----------------------------+---------------------------+----------------------------------------+


+------------------------------------------------------+
; General Register Statistics                          ;
+----------------------------------------------+-------+
; Statistic                                    ; Value ;
+----------------------------------------------+-------+
; Total registers                              ; 296   ;
; Number of registers using Synchronous Clear  ; 19    ;
; Number of registers using Synchronous Load   ; 10    ;
; Number of registers using Asynchronous Clear ; 0     ;
; Number of registers using Asynchronous Load  ; 0     ;
; Number of registers using Clock Enable       ; 203   ;
; Number of registers using Preset             ; 0     ;
+----------------------------------------------+-------+


+------------------------------------------------------------------------------+
; Registers Added for RAM Pass-Through Logic                                   ;
+--------------------------------------------+---------------------------------+
; Register Name                              ; RAM Name                        ;
+--------------------------------------------+---------------------------------+
; core:core1|reg_file:rf|RF_rtl_0_bypass[0]  ; core:core1|reg_file:rf|RF_rtl_0 ;
; core:core1|reg_file:rf|RF_rtl_0_bypass[1]  ; core:core1|reg_file:rf|RF_rtl_0 ;
; core:core1|reg_file:rf|RF_rtl_0_bypass[2]  ; core:core1|reg_file:rf|RF_rtl_0 ;
; core:core1|reg_file:rf|RF_rtl_0_bypass[3]  ; core:core1|reg_file:rf|RF_rtl_0 ;
; core:core1|reg_file:rf|RF_rtl_0_bypass[4]  ; core:core1|reg_file:rf|RF_rtl_0 ;
; core:core1|reg_file:rf|RF_rtl_0_bypass[5]  ; core:core1|reg_file:rf|RF_rtl_0 ;
; core:core1|reg_file:rf|RF_rtl_0_bypass[6]  ; core:core1|reg_file:rf|RF_rtl_0 ;
; core:core1|reg_file:rf|RF_rtl_0_bypass[7]  ; core:core1|reg_file:rf|RF_rtl_0 ;
; core:core1|reg_file:rf|RF_rtl_0_bypass[8]  ; core:core1|reg_file:rf|RF_rtl_0 ;
; core:core1|reg_file:rf|RF_rtl_0_bypass[9]  ; core:core1|reg_file:rf|RF_rtl_0 ;
; core:core1|reg_file:rf|RF_rtl_0_bypass[10] ; core:core1|reg_file:rf|RF_rtl_0 ;
; core:core1|reg_file:rf|RF_rtl_0_bypass[11] ; core:core1|reg_file:rf|RF_rtl_0 ;
; core:core1|reg_file:rf|RF_rtl_0_bypass[12] ; core:core1|reg_file:rf|RF_rtl_0 ;
; core:core1|reg_file:rf|RF_rtl_0_bypass[13] ; core:core1|reg_file:rf|RF_rtl_0 ;
; core:core1|reg_file:rf|RF_rtl_0_bypass[14] ; core:core1|reg_file:rf|RF_rtl_0 ;
; core:core1|reg_file:rf|RF_rtl_0_bypass[15] ; core:core1|reg_file:rf|RF_rtl_0 ;
; core:core1|reg_file:rf|RF_rtl_0_bypass[16] ; core:core1|reg_file:rf|RF_rtl_0 ;
; core:core1|reg_file:rf|RF_rtl_0_bypass[17] ; core:core1|reg_file:rf|RF_rtl_0 ;
; core:core1|reg_file:rf|RF_rtl_0_bypass[18] ; core:core1|reg_file:rf|RF_rtl_0 ;
; core:core1|reg_file:rf|RF_rtl_0_bypass[19] ; core:core1|reg_file:rf|RF_rtl_0 ;
; core:core1|reg_file:rf|RF_rtl_0_bypass[20] ; core:core1|reg_file:rf|RF_rtl_0 ;
; core:core1|reg_file:rf|RF_rtl_0_bypass[21] ; core:core1|reg_file:rf|RF_rtl_0 ;
; core:core1|reg_file:rf|RF_rtl_0_bypass[22] ; core:core1|reg_file:rf|RF_rtl_0 ;
; core:core1|reg_file:rf|RF_rtl_0_bypass[23] ; core:core1|reg_file:rf|RF_rtl_0 ;
; core:core1|reg_file:rf|RF_rtl_0_bypass[24] ; core:core1|reg_file:rf|RF_rtl_0 ;
; core:core1|reg_file:rf|RF_rtl_0_bypass[25] ; core:core1|reg_file:rf|RF_rtl_0 ;
; core:core1|reg_file:rf|RF_rtl_0_bypass[26] ; core:core1|reg_file:rf|RF_rtl_0 ;
; core:core1|reg_file:rf|RF_rtl_0_bypass[27] ; core:core1|reg_file:rf|RF_rtl_0 ;
; core:core1|reg_file:rf|RF_rtl_0_bypass[28] ; core:core1|reg_file:rf|RF_rtl_0 ;
; core:core1|reg_file:rf|RF_rtl_0_bypass[29] ; core:core1|reg_file:rf|RF_rtl_0 ;
; core:core1|reg_file:rf|RF_rtl_0_bypass[30] ; core:core1|reg_file:rf|RF_rtl_0 ;
; core:core1|reg_file:rf|RF_rtl_0_bypass[31] ; core:core1|reg_file:rf|RF_rtl_0 ;
; core:core1|reg_file:rf|RF_rtl_0_bypass[32] ; core:core1|reg_file:rf|RF_rtl_0 ;
; core:core1|reg_file:rf|RF_rtl_0_bypass[33] ; core:core1|reg_file:rf|RF_rtl_0 ;
; core:core1|reg_file:rf|RF_rtl_0_bypass[34] ; core:core1|reg_file:rf|RF_rtl_0 ;
; core:core1|reg_file:rf|RF_rtl_0_bypass[35] ; core:core1|reg_file:rf|RF_rtl_0 ;
; core:core1|reg_file:rf|RF_rtl_0_bypass[36] ; core:core1|reg_file:rf|RF_rtl_0 ;
; core:core1|reg_file:rf|RF_rtl_0_bypass[37] ; core:core1|reg_file:rf|RF_rtl_0 ;
; core:core1|reg_file:rf|RF_rtl_0_bypass[38] ; core:core1|reg_file:rf|RF_rtl_0 ;
; core:core1|reg_file:rf|RF_rtl_0_bypass[39] ; core:core1|reg_file:rf|RF_rtl_0 ;
; core:core1|reg_file:rf|RF_rtl_0_bypass[40] ; core:core1|reg_file:rf|RF_rtl_0 ;
; core:core1|reg_file:rf|RF_rtl_0_bypass[41] ; core:core1|reg_file:rf|RF_rtl_0 ;
; core:core1|reg_file:rf|RF_rtl_0_bypass[42] ; core:core1|reg_file:rf|RF_rtl_0 ;
; core:core1|reg_file:rf|RF_rtl_0_bypass[43] ; core:core1|reg_file:rf|RF_rtl_0 ;
; core:core1|reg_file:rf|RF_rtl_0_bypass[44] ; core:core1|reg_file:rf|RF_rtl_0 ;
; core:core1|reg_file:rf|RF_rtl_1_bypass[0]  ; core:core1|reg_file:rf|RF_rtl_1 ;
; core:core1|reg_file:rf|RF_rtl_1_bypass[1]  ; core:core1|reg_file:rf|RF_rtl_1 ;
; core:core1|reg_file:rf|RF_rtl_1_bypass[2]  ; core:core1|reg_file:rf|RF_rtl_1 ;
; core:core1|reg_file:rf|RF_rtl_1_bypass[3]  ; core:core1|reg_file:rf|RF_rtl_1 ;
; core:core1|reg_file:rf|RF_rtl_1_bypass[4]  ; core:core1|reg_file:rf|RF_rtl_1 ;
; core:core1|reg_file:rf|RF_rtl_1_bypass[5]  ; core:core1|reg_file:rf|RF_rtl_1 ;
; core:core1|reg_file:rf|RF_rtl_1_bypass[6]  ; core:core1|reg_file:rf|RF_rtl_1 ;
; core:core1|reg_file:rf|RF_rtl_1_bypass[7]  ; core:core1|reg_file:rf|RF_rtl_1 ;
; core:core1|reg_file:rf|RF_rtl_1_bypass[8]  ; core:core1|reg_file:rf|RF_rtl_1 ;
; core:core1|reg_file:rf|RF_rtl_1_bypass[9]  ; core:core1|reg_file:rf|RF_rtl_1 ;
; core:core1|reg_file:rf|RF_rtl_1_bypass[10] ; core:core1|reg_file:rf|RF_rtl_1 ;
; core:core1|reg_file:rf|RF_rtl_1_bypass[11] ; core:core1|reg_file:rf|RF_rtl_1 ;
; core:core1|reg_file:rf|RF_rtl_1_bypass[12] ; core:core1|reg_file:rf|RF_rtl_1 ;
; core:core1|reg_file:rf|RF_rtl_1_bypass[13] ; core:core1|reg_file:rf|RF_rtl_1 ;
; core:core1|reg_file:rf|RF_rtl_1_bypass[14] ; core:core1|reg_file:rf|RF_rtl_1 ;
; core:core1|reg_file:rf|RF_rtl_1_bypass[15] ; core:core1|reg_file:rf|RF_rtl_1 ;
; core:core1|reg_file:rf|RF_rtl_1_bypass[16] ; core:core1|reg_file:rf|RF_rtl_1 ;
; core:core1|reg_file:rf|RF_rtl_1_bypass[17] ; core:core1|reg_file:rf|RF_rtl_1 ;
; core:core1|reg_file:rf|RF_rtl_1_bypass[18] ; core:core1|reg_file:rf|RF_rtl_1 ;
; core:core1|reg_file:rf|RF_rtl_1_bypass[19] ; core:core1|reg_file:rf|RF_rtl_1 ;
; core:core1|reg_file:rf|RF_rtl_1_bypass[20] ; core:core1|reg_file:rf|RF_rtl_1 ;
; core:core1|reg_file:rf|RF_rtl_1_bypass[21] ; core:core1|reg_file:rf|RF_rtl_1 ;
; core:core1|reg_file:rf|RF_rtl_1_bypass[22] ; core:core1|reg_file:rf|RF_rtl_1 ;
; core:core1|reg_file:rf|RF_rtl_1_bypass[23] ; core:core1|reg_file:rf|RF_rtl_1 ;
; core:core1|reg_file:rf|RF_rtl_1_bypass[24] ; core:core1|reg_file:rf|RF_rtl_1 ;
; core:core1|reg_file:rf|RF_rtl_1_bypass[25] ; core:core1|reg_file:rf|RF_rtl_1 ;
; core:core1|reg_file:rf|RF_rtl_1_bypass[26] ; core:core1|reg_file:rf|RF_rtl_1 ;
; core:core1|reg_file:rf|RF_rtl_1_bypass[27] ; core:core1|reg_file:rf|RF_rtl_1 ;
; core:core1|reg_file:rf|RF_rtl_1_bypass[28] ; core:core1|reg_file:rf|RF_rtl_1 ;
; core:core1|reg_file:rf|RF_rtl_1_bypass[29] ; core:core1|reg_file:rf|RF_rtl_1 ;
; core:core1|reg_file:rf|RF_rtl_1_bypass[30] ; core:core1|reg_file:rf|RF_rtl_1 ;
; core:core1|reg_file:rf|RF_rtl_1_bypass[31] ; core:core1|reg_file:rf|RF_rtl_1 ;
; core:core1|reg_file:rf|RF_rtl_1_bypass[32] ; core:core1|reg_file:rf|RF_rtl_1 ;
; core:core1|reg_file:rf|RF_rtl_1_bypass[33] ; core:core1|reg_file:rf|RF_rtl_1 ;
; core:core1|reg_file:rf|RF_rtl_1_bypass[34] ; core:core1|reg_file:rf|RF_rtl_1 ;
; core:core1|reg_file:rf|RF_rtl_1_bypass[35] ; core:core1|reg_file:rf|RF_rtl_1 ;
; core:core1|reg_file:rf|RF_rtl_1_bypass[36] ; core:core1|reg_file:rf|RF_rtl_1 ;
; core:core1|reg_file:rf|RF_rtl_1_bypass[37] ; core:core1|reg_file:rf|RF_rtl_1 ;
; core:core1|reg_file:rf|RF_rtl_1_bypass[38] ; core:core1|reg_file:rf|RF_rtl_1 ;
; core:core1|reg_file:rf|RF_rtl_1_bypass[39] ; core:core1|reg_file:rf|RF_rtl_1 ;
; core:core1|reg_file:rf|RF_rtl_1_bypass[40] ; core:core1|reg_file:rf|RF_rtl_1 ;
; core:core1|reg_file:rf|RF_rtl_1_bypass[41] ; core:core1|reg_file:rf|RF_rtl_1 ;
; core:core1|reg_file:rf|RF_rtl_1_bypass[42] ; core:core1|reg_file:rf|RF_rtl_1 ;
; core:core1|reg_file:rf|RF_rtl_1_bypass[43] ; core:core1|reg_file:rf|RF_rtl_1 ;
; core:core1|reg_file:rf|RF_rtl_1_bypass[44] ; core:core1|reg_file:rf|RF_rtl_1 ;
+--------------------------------------------+---------------------------------+


+--------------------------------------------------------------------------------------------------------------------------------------------------------------------+
; Multiplexer Restructuring Statistics (Restructuring Performed)                                                                                                     ;
+--------------------+-----------+---------------+----------------------+------------------------+------------+------------------------------------------------------+
; Multiplexer Inputs ; Bus Width ; Baseline Area ; Area if Restructured ; Saving if Restructured ; Registered ; Example Multiplexer Output                           ;
+--------------------+-----------+---------------+----------------------+------------------------+------------+------------------------------------------------------+
; 3:1                ; 3 bits    ; 6 LEs         ; 3 LEs                ; 3 LEs                  ; Yes        ; |core_flattened|core:core1|barrier_mask_r[0]         ;
; 3:1                ; 57 bits   ; 114 LEs       ; 57 LEs               ; 57 LEs                 ; Yes        ; |core_flattened|core:core1|wd_addr_3_r[3]            ;
; 4:1                ; 7 bits    ; 14 LEs        ; 7 LEs                ; 7 LEs                  ; Yes        ; |core_flattened|core:core1|op_writes_rf_2_r          ;
; 4:1                ; 10 bits   ; 20 LEs        ; 10 LEs               ; 10 LEs                 ; Yes        ; |core_flattened|core:core1|PC_2_r[0]                 ;
; 4:1                ; 5 bits    ; 10 LEs        ; 5 LEs                ; 5 LEs                  ; Yes        ; |core_flattened|core:core1|instruction_1_r.opcode[3] ;
; 4:1                ; 10 bits   ; 20 LEs        ; 10 LEs               ; 10 LEs                 ; Yes        ; |core_flattened|core:core1|PC_1_r[4]                 ;
; 4:1                ; 3 bits    ; 6 LEs         ; 6 LEs                ; 0 LEs                  ; Yes        ; |core_flattened|core:core1|barrier_r[0]              ;
; 7:1                ; 10 bits   ; 40 LEs        ; 20 LEs               ; 20 LEs                 ; Yes        ; |core_flattened|core:core1|rs_val_2_r[6]             ;
; 8:1                ; 32 bits   ; 160 LEs       ; 96 LEs               ; 64 LEs                 ; Yes        ; |core_flattened|core:core1|rd_val_2_r[11]            ;
; 8:1                ; 22 bits   ; 110 LEs       ; 66 LEs               ; 44 LEs                 ; Yes        ; |core_flattened|core:core1|rs_val_2_r[11]            ;
; 3:1                ; 8 bits    ; 16 LEs        ; 16 LEs               ; 0 LEs                  ; No         ; |core_flattened|core:core1|alu:alu_1|ShiftRight0     ;
; 3:1                ; 8 bits    ; 16 LEs        ; 16 LEs               ; 0 LEs                  ; No         ; |core_flattened|core:core1|alu:alu_1|ShiftLeft1      ;
; 3:1                ; 10 bits   ; 20 LEs        ; 20 LEs               ; 0 LEs                  ; No         ; |core_flattened|core:core1|alu_mem_result[5]         ;
; 4:1                ; 2 bits    ; 4 LEs         ; 4 LEs                ; 0 LEs                  ; No         ; |core_flattened|core:core1|mem_stage_n[1]            ;
; 4:1                ; 4 bits    ; 8 LEs         ; 8 LEs                ; 0 LEs                  ; No         ; |core_flattened|core:core1|alu:alu_1|ShiftRight0     ;
; 4:1                ; 4 bits    ; 8 LEs         ; 8 LEs                ; 0 LEs                  ; No         ; |core_flattened|core:core1|alu:alu_1|ShiftLeft1      ;
; 5:1                ; 2 bits    ; 6 LEs         ; 6 LEs                ; 0 LEs                  ; No         ; |core_flattened|core:core1|alu:alu_1|ShiftRight0     ;
; 5:1                ; 4 bits    ; 12 LEs        ; 12 LEs               ; 0 LEs                  ; No         ; |core_flattened|core:core1|alu:alu_1|ShiftLeft1      ;
; 6:1                ; 2 bits    ; 8 LEs         ; 8 LEs                ; 0 LEs                  ; No         ; |core_flattened|core:core1|alu:alu_1|ShiftRight0     ;
; 6:1                ; 10 bits   ; 40 LEs        ; 30 LEs               ; 10 LEs                 ; No         ; |core_flattened|core:core1|PC_n[8]                   ;
; 250:1              ; 9 bits    ; 1494 LEs      ; 63 LEs               ; 1431 LEs               ; No         ; |core_flattened|core:core1|alu:alu_1|Selector23      ;
; 252:1              ; 5 bits    ; 840 LEs       ; 40 LEs               ; 800 LEs                ; No         ; |core_flattened|core:core1|alu_mem_result[11]        ;
; 253:1              ; 8 bits    ; 1344 LEs      ; 72 LEs               ; 1272 LEs               ; No         ; |core_flattened|core:core1|alu_mem_result[22]        ;
; 254:1              ; 4 bits    ; 676 LEs       ; 40 LEs               ; 636 LEs                ; No         ; |core_flattened|core:core1|alu_mem_result[24]        ;
; 255:1              ; 4 bits    ; 680 LEs       ; 44 LEs               ; 636 LEs                ; No         ; |core_flattened|core:core1|alu_mem_result[31]        ;
+--------------------+-----------+---------------+----------------------+------------------------+------------+------------------------------------------------------+


+----------------------------------------------------------------------------------------------------------------+
; Source assignments for core:core1|instr_mem:imem|altsyncram:mem[0].opcode[4]__1|altsyncram_gg81:auto_generated ;
+---------------------------------+--------------------+------+--------------------------------------------------+
; Assignment                      ; Value              ; From ; To                                               ;
+---------------------------------+--------------------+------+--------------------------------------------------+
; OPTIMIZE_POWER_DURING_SYNTHESIS ; NORMAL_COMPILATION ; -    ; -                                                ;
+---------------------------------+--------------------+------+--------------------------------------------------+


+--------------------------------------------------------------------------------------------------+
; Source assignments for core:core1|reg_file:rf|altsyncram:RF_rtl_0|altsyncram_9sd1:auto_generated ;
+---------------------------------+--------------------+------+------------------------------------+
; Assignment                      ; Value              ; From ; To                                 ;
+---------------------------------+--------------------+------+------------------------------------+
; OPTIMIZE_POWER_DURING_SYNTHESIS ; NORMAL_COMPILATION ; -    ; -                                  ;
+---------------------------------+--------------------+------+------------------------------------+


+--------------------------------------------------------------------------------------------------+
; Source assignments for core:core1|reg_file:rf|altsyncram:RF_rtl_1|altsyncram_9sd1:auto_generated ;
+---------------------------------+--------------------+------+------------------------------------+
; Assignment                      ; Value              ; From ; To                                 ;
+---------------------------------+--------------------+------+------------------------------------+
; OPTIMIZE_POWER_DURING_SYNTHESIS ; NORMAL_COMPILATION ; -    ; -                                  ;
+---------------------------------+--------------------+------+------------------------------------+


+---------------------------------------------------------+
; Parameter Settings for User Entity Instance: core:core1 ;
+-------------------+------------+------------------------+
; Parameter Name    ; Value      ; Type                   ;
+-------------------+------------+------------------------+
; imem_addr_width_p ; 10         ; Signed Integer         ;
; net_ID_p          ; 0000000001 ; Unsigned Binary        ;
+-------------------+------------+------------------------+
Note: In order to hide this table in the UI and the text report file, please set the "Show Parameter Settings in Synthesis Report" option in "Analysis and Synthesis Settings -> More Settings" to "Off".


+------------------------------------------------------------------------+
; Parameter Settings for User Entity Instance: core:core1|instr_mem:imem ;
+----------------+-------+-----------------------------------------------+
; Parameter Name ; Value ; Type                                          ;
+----------------+-------+-----------------------------------------------+
; addr_width_p   ; 10    ; Signed Integer                                ;
+----------------+-------+-----------------------------------------------+
Note: In order to hide this table in the UI and the text report file, please set the "Show Parameter Settings in Synthesis Report" option in "Analysis and Synthesis Settings -> More Settings" to "Off".


+-------------------------------------------------------------------------------------------------------+
; Parameter Settings for User Entity Instance: core:core1|instr_mem:imem|altsyncram:mem[0].opcode[4]__1 ;
+------------------------------------+----------------------+-------------------------------------------+
; Parameter Name                     ; Value                ; Type                                      ;
+------------------------------------+----------------------+-------------------------------------------+
; BYTE_SIZE_BLOCK                    ; 8                    ; Untyped                                   ;
; AUTO_CARRY_CHAINS                  ; ON                   ; AUTO_CARRY                                ;
; IGNORE_CARRY_BUFFERS               ; OFF                  ; IGNORE_CARRY                              ;
; AUTO_CASCADE_CHAINS                ; ON                   ; AUTO_CASCADE                              ;
; IGNORE_CASCADE_BUFFERS             ; OFF                  ; IGNORE_CASCADE                            ;
; WIDTH_BYTEENA                      ; 1                    ; Untyped                                   ;
; OPERATION_MODE                     ; SINGLE_PORT          ; Untyped                                   ;
; WIDTH_A                            ; 16                   ; Untyped                                   ;
; WIDTHAD_A                          ; 10                   ; Untyped                                   ;
; NUMWORDS_A                         ; 1024                 ; Untyped                                   ;
; OUTDATA_REG_A                      ; UNREGISTERED         ; Untyped                                   ;
; ADDRESS_ACLR_A                     ; NONE                 ; Untyped                                   ;
; OUTDATA_ACLR_A                     ; NONE                 ; Untyped                                   ;
; WRCONTROL_ACLR_A                   ; NONE                 ; Untyped                                   ;
; INDATA_ACLR_A                      ; NONE                 ; Untyped                                   ;
; BYTEENA_ACLR_A                     ; NONE                 ; Untyped                                   ;
; WIDTH_B                            ; 1                    ; Untyped                                   ;
; WIDTHAD_B                          ; 1                    ; Untyped                                   ;
; NUMWORDS_B                         ; 1                    ; Untyped                                   ;
; INDATA_REG_B                       ; CLOCK1               ; Untyped                                   ;
; WRCONTROL_WRADDRESS_REG_B          ; CLOCK1               ; Untyped                                   ;
; RDCONTROL_REG_B                    ; CLOCK1               ; Untyped                                   ;
; ADDRESS_REG_B                      ; CLOCK1               ; Untyped                                   ;
; OUTDATA_REG_B                      ; UNREGISTERED         ; Untyped                                   ;
; BYTEENA_REG_B                      ; CLOCK1               ; Untyped                                   ;
; INDATA_ACLR_B                      ; NONE                 ; Untyped                                   ;
; WRCONTROL_ACLR_B                   ; NONE                 ; Untyped                                   ;
; ADDRESS_ACLR_B                     ; NONE                 ; Untyped                                   ;
; OUTDATA_ACLR_B                     ; NONE                 ; Untyped                                   ;
; RDCONTROL_ACLR_B                   ; NONE                 ; Untyped                                   ;
; BYTEENA_ACLR_B                     ; NONE                 ; Untyped                                   ;
; WIDTH_BYTEENA_A                    ; 1                    ; Untyped                                   ;
; WIDTH_BYTEENA_B                    ; 1                    ; Untyped                                   ;
; RAM_BLOCK_TYPE                     ; AUTO                 ; Untyped                                   ;
; BYTE_SIZE                          ; 8                    ; Untyped                                   ;
; READ_DURING_WRITE_MODE_MIXED_PORTS ; DONT_CARE            ; Untyped                                   ;
; READ_DURING_WRITE_MODE_PORT_A      ; OLD_DATA             ; Untyped                                   ;
; READ_DURING_WRITE_MODE_PORT_B      ; NEW_DATA_NO_NBE_READ ; Untyped                                   ;
; INIT_FILE                          ; UNUSED               ; Untyped                                   ;
; INIT_FILE_LAYOUT                   ; PORT_A               ; Untyped                                   ;
; MAXIMUM_DEPTH                      ; 0                    ; Untyped                                   ;
; CLOCK_ENABLE_INPUT_A               ; NORMAL               ; Untyped                                   ;
; CLOCK_ENABLE_INPUT_B               ; NORMAL               ; Untyped                                   ;
; CLOCK_ENABLE_OUTPUT_A              ; NORMAL               ; Untyped                                   ;
; CLOCK_ENABLE_OUTPUT_B              ; NORMAL               ; Untyped                                   ;
; CLOCK_ENABLE_CORE_A                ; USE_INPUT_CLKEN      ; Untyped                                   ;
; CLOCK_ENABLE_CORE_B                ; USE_INPUT_CLKEN      ; Untyped                                   ;
; ENABLE_ECC                         ; FALSE                ; Untyped                                   ;
; ECC_PIPELINE_STAGE_ENABLED         ; FALSE                ; Untyped                                   ;
; WIDTH_ECCSTATUS                    ; 3                    ; Untyped                                   ;
; DEVICE_FAMILY                      ; Cyclone IV E         ; Untyped                                   ;
; CBXI_PARAMETER                     ; altsyncram_gg81      ; Untyped                                   ;
+------------------------------------+----------------------+-------------------------------------------+
Note: In order to hide this table in the UI and the text report file, please set the "Show Parameter Settings in Synthesis Report" option in "Analysis and Synthesis Settings -> More Settings" to "Off".


+---------------------------------------------------------------------+
; Parameter Settings for User Entity Instance: core:core1|reg_file:rf ;
+----------------+-------+--------------------------------------------+
; Parameter Name ; Value ; Type                                       ;
+----------------+-------+--------------------------------------------+
; addr_width_p   ; 6     ; Signed Integer                             ;
; data_width_p   ; 32    ; Signed Integer                             ;
+----------------+-------+--------------------------------------------+
Note: In order to hide this table in the UI and the text report file, please set the "Show Parameter Settings in Synthesis Report" option in "Analysis and Synthesis Settings -> More Settings" to "Off".


+---------------------------------------------------------------------------------------------+
; Parameter Settings for Inferred Entity Instance: core:core1|reg_file:rf|altsyncram:RF_rtl_0 ;
+------------------------------------+----------------------+---------------------------------+
; Parameter Name                     ; Value                ; Type                            ;
+------------------------------------+----------------------+---------------------------------+
; BYTE_SIZE_BLOCK                    ; 8                    ; Untyped                         ;
; AUTO_CARRY_CHAINS                  ; ON                   ; AUTO_CARRY                      ;
; IGNORE_CARRY_BUFFERS               ; OFF                  ; IGNORE_CARRY                    ;
; AUTO_CASCADE_CHAINS                ; ON                   ; AUTO_CASCADE                    ;
; IGNORE_CASCADE_BUFFERS             ; OFF                  ; IGNORE_CASCADE                  ;
; WIDTH_BYTEENA                      ; 1                    ; Untyped                         ;
; OPERATION_MODE                     ; DUAL_PORT            ; Untyped                         ;
; WIDTH_A                            ; 32                   ; Untyped                         ;
; WIDTHAD_A                          ; 6                    ; Untyped                         ;
; NUMWORDS_A                         ; 64                   ; Untyped                         ;
; OUTDATA_REG_A                      ; UNREGISTERED         ; Untyped                         ;
; ADDRESS_ACLR_A                     ; NONE                 ; Untyped                         ;
; OUTDATA_ACLR_A                     ; NONE                 ; Untyped                         ;
; WRCONTROL_ACLR_A                   ; NONE                 ; Untyped                         ;
; INDATA_ACLR_A                      ; NONE                 ; Untyped                         ;
; BYTEENA_ACLR_A                     ; NONE                 ; Untyped                         ;
; WIDTH_B                            ; 32                   ; Untyped                         ;
; WIDTHAD_B                          ; 6                    ; Untyped                         ;
; NUMWORDS_B                         ; 64                   ; Untyped                         ;
; INDATA_REG_B                       ; CLOCK1               ; Untyped                         ;
; WRCONTROL_WRADDRESS_REG_B          ; CLOCK1               ; Untyped                         ;
; RDCONTROL_REG_B                    ; CLOCK1               ; Untyped                         ;
; ADDRESS_REG_B                      ; CLOCK0               ; Untyped                         ;
; OUTDATA_REG_B                      ; UNREGISTERED         ; Untyped                         ;
; BYTEENA_REG_B                      ; CLOCK1               ; Untyped                         ;
; INDATA_ACLR_B                      ; NONE                 ; Untyped                         ;
; WRCONTROL_ACLR_B                   ; NONE                 ; Untyped                         ;
; ADDRESS_ACLR_B                     ; NONE                 ; Untyped                         ;
; OUTDATA_ACLR_B                     ; NONE                 ; Untyped                         ;
; RDCONTROL_ACLR_B                   ; NONE                 ; Untyped                         ;
; BYTEENA_ACLR_B                     ; NONE                 ; Untyped                         ;
; WIDTH_BYTEENA_A                    ; 1                    ; Untyped                         ;
; WIDTH_BYTEENA_B                    ; 1                    ; Untyped                         ;
; RAM_BLOCK_TYPE                     ; AUTO                 ; Untyped                         ;
; BYTE_SIZE                          ; 8                    ; Untyped                         ;
; READ_DURING_WRITE_MODE_MIXED_PORTS ; DONT_CARE            ; Untyped                         ;
; READ_DURING_WRITE_MODE_PORT_A      ; NEW_DATA_NO_NBE_READ ; Untyped                         ;
; READ_DURING_WRITE_MODE_PORT_B      ; NEW_DATA_NO_NBE_READ ; Untyped                         ;
; INIT_FILE                          ; UNUSED               ; Untyped                         ;
; INIT_FILE_LAYOUT                   ; PORT_A               ; Untyped                         ;
; MAXIMUM_DEPTH                      ; 0                    ; Untyped                         ;
; CLOCK_ENABLE_INPUT_A               ; NORMAL               ; Untyped                         ;
; CLOCK_ENABLE_INPUT_B               ; NORMAL               ; Untyped                         ;
; CLOCK_ENABLE_OUTPUT_A              ; NORMAL               ; Untyped                         ;
; CLOCK_ENABLE_OUTPUT_B              ; NORMAL               ; Untyped                         ;
; CLOCK_ENABLE_CORE_A                ; USE_INPUT_CLKEN      ; Untyped                         ;
; CLOCK_ENABLE_CORE_B                ; USE_INPUT_CLKEN      ; Untyped                         ;
; ENABLE_ECC                         ; FALSE                ; Untyped                         ;
; ECC_PIPELINE_STAGE_ENABLED         ; FALSE                ; Untyped                         ;
; WIDTH_ECCSTATUS                    ; 3                    ; Untyped                         ;
; DEVICE_FAMILY                      ; Cyclone IV E         ; Untyped                         ;
; CBXI_PARAMETER                     ; altsyncram_9sd1      ; Untyped                         ;
+------------------------------------+----------------------+---------------------------------+
Note: In order to hide this table in the UI and the text report file, please set the "Show Parameter Settings in Synthesis Report" option in "Analysis and Synthesis Settings -> More Settings" to "Off".


+---------------------------------------------------------------------------------------------+
; Parameter Settings for Inferred Entity Instance: core:core1|reg_file:rf|altsyncram:RF_rtl_1 ;
+------------------------------------+----------------------+---------------------------------+
; Parameter Name                     ; Value                ; Type                            ;
+------------------------------------+----------------------+---------------------------------+
; BYTE_SIZE_BLOCK                    ; 8                    ; Untyped                         ;
; AUTO_CARRY_CHAINS                  ; ON                   ; AUTO_CARRY                      ;
; IGNORE_CARRY_BUFFERS               ; OFF                  ; IGNORE_CARRY                    ;
; AUTO_CASCADE_CHAINS                ; ON                   ; AUTO_CASCADE                    ;
; IGNORE_CASCADE_BUFFERS             ; OFF                  ; IGNORE_CASCADE                  ;
; WIDTH_BYTEENA                      ; 1                    ; Untyped                         ;
; OPERATION_MODE                     ; DUAL_PORT            ; Untyped                         ;
; WIDTH_A                            ; 32                   ; Untyped                         ;
; WIDTHAD_A                          ; 6                    ; Untyped                         ;
; NUMWORDS_A                         ; 64                   ; Untyped                         ;
; OUTDATA_REG_A                      ; UNREGISTERED         ; Untyped                         ;
; ADDRESS_ACLR_A                     ; NONE                 ; Untyped                         ;
; OUTDATA_ACLR_A                     ; NONE                 ; Untyped                         ;
; WRCONTROL_ACLR_A                   ; NONE                 ; Untyped                         ;
; INDATA_ACLR_A                      ; NONE                 ; Untyped                         ;
; BYTEENA_ACLR_A                     ; NONE                 ; Untyped                         ;
; WIDTH_B                            ; 32                   ; Untyped                         ;
; WIDTHAD_B                          ; 6                    ; Untyped                         ;
; NUMWORDS_B                         ; 64                   ; Untyped                         ;
; INDATA_REG_B                       ; CLOCK1               ; Untyped                         ;
; WRCONTROL_WRADDRESS_REG_B          ; CLOCK1               ; Untyped                         ;
; RDCONTROL_REG_B                    ; CLOCK1               ; Untyped                         ;
; ADDRESS_REG_B                      ; CLOCK0               ; Untyped                         ;
; OUTDATA_REG_B                      ; UNREGISTERED         ; Untyped                         ;
; BYTEENA_REG_B                      ; CLOCK1               ; Untyped                         ;
; INDATA_ACLR_B                      ; NONE                 ; Untyped                         ;
; WRCONTROL_ACLR_B                   ; NONE                 ; Untyped                         ;
; ADDRESS_ACLR_B                     ; NONE                 ; Untyped                         ;
; OUTDATA_ACLR_B                     ; NONE                 ; Untyped                         ;
; RDCONTROL_ACLR_B                   ; NONE                 ; Untyped                         ;
; BYTEENA_ACLR_B                     ; NONE                 ; Untyped                         ;
; WIDTH_BYTEENA_A                    ; 1                    ; Untyped                         ;
; WIDTH_BYTEENA_B                    ; 1                    ; Untyped                         ;
; RAM_BLOCK_TYPE                     ; AUTO                 ; Untyped                         ;
; BYTE_SIZE                          ; 8                    ; Untyped                         ;
; READ_DURING_WRITE_MODE_MIXED_PORTS ; DONT_CARE            ; Untyped                         ;
; READ_DURING_WRITE_MODE_PORT_A      ; NEW_DATA_NO_NBE_READ ; Untyped                         ;
; READ_DURING_WRITE_MODE_PORT_B      ; NEW_DATA_NO_NBE_READ ; Untyped                         ;
; INIT_FILE                          ; UNUSED               ; Untyped                         ;
; INIT_FILE_LAYOUT                   ; PORT_A               ; Untyped                         ;
; MAXIMUM_DEPTH                      ; 0                    ; Untyped                         ;
; CLOCK_ENABLE_INPUT_A               ; NORMAL               ; Untyped                         ;
; CLOCK_ENABLE_INPUT_B               ; NORMAL               ; Untyped                         ;
; CLOCK_ENABLE_OUTPUT_A              ; NORMAL               ; Untyped                         ;
; CLOCK_ENABLE_OUTPUT_B              ; NORMAL               ; Untyped                         ;
; CLOCK_ENABLE_CORE_A                ; USE_INPUT_CLKEN      ; Untyped                         ;
; CLOCK_ENABLE_CORE_B                ; USE_INPUT_CLKEN      ; Untyped                         ;
; ENABLE_ECC                         ; FALSE                ; Untyped                         ;
; ECC_PIPELINE_STAGE_ENABLED         ; FALSE                ; Untyped                         ;
; WIDTH_ECCSTATUS                    ; 3                    ; Untyped                         ;
; DEVICE_FAMILY                      ; Cyclone IV E         ; Untyped                         ;
; CBXI_PARAMETER                     ; altsyncram_9sd1      ; Untyped                         ;
+------------------------------------+----------------------+---------------------------------+
Note: In order to hide this table in the UI and the text report file, please set the "Show Parameter Settings in Synthesis Report" option in "Analysis and Synthesis Settings -> More Settings" to "Off".


+------------------------------------------------------------------------------------------------------+
; altsyncram Parameter Settings by Entity Instance                                                     ;
+-------------------------------------------+----------------------------------------------------------+
; Name                                      ; Value                                                    ;
+-------------------------------------------+----------------------------------------------------------+
; Number of entity instances                ; 3                                                        ;
; Entity Instance                           ; core:core1|instr_mem:imem|altsyncram:mem[0].opcode[4]__1 ;
;     -- OPERATION_MODE                     ; SINGLE_PORT                                              ;
;     -- WIDTH_A                            ; 16                                                       ;
;     -- NUMWORDS_A                         ; 1024                                                     ;
;     -- OUTDATA_REG_A                      ; UNREGISTERED                                             ;
;     -- WIDTH_B                            ; 1                                                        ;
;     -- NUMWORDS_B                         ; 1                                                        ;
;     -- ADDRESS_REG_B                      ; CLOCK1                                                   ;
;     -- OUTDATA_REG_B                      ; UNREGISTERED                                             ;
;     -- RAM_BLOCK_TYPE                     ; AUTO                                                     ;
;     -- READ_DURING_WRITE_MODE_MIXED_PORTS ; DONT_CARE                                                ;
; Entity Instance                           ; core:core1|reg_file:rf|altsyncram:RF_rtl_0               ;
;     -- OPERATION_MODE                     ; DUAL_PORT                                                ;
;     -- WIDTH_A                            ; 32                                                       ;
;     -- NUMWORDS_A                         ; 64                                                       ;
;     -- OUTDATA_REG_A                      ; UNREGISTERED                                             ;
;     -- WIDTH_B                            ; 32                                                       ;
;     -- NUMWORDS_B                         ; 64                                                       ;
;     -- ADDRESS_REG_B                      ; CLOCK0                                                   ;
;     -- OUTDATA_REG_B                      ; UNREGISTERED                                             ;
;     -- RAM_BLOCK_TYPE                     ; AUTO                                                     ;
;     -- READ_DURING_WRITE_MODE_MIXED_PORTS ; DONT_CARE                                                ;
; Entity Instance                           ; core:core1|reg_file:rf|altsyncram:RF_rtl_1               ;
;     -- OPERATION_MODE                     ; DUAL_PORT                                                ;
;     -- WIDTH_A                            ; 32                                                       ;
;     -- NUMWORDS_A                         ; 64                                                       ;
;     -- OUTDATA_REG_A                      ; UNREGISTERED                                             ;
;     -- WIDTH_B                            ; 32                                                       ;
;     -- NUMWORDS_B                         ; 64                                                       ;
;     -- ADDRESS_REG_B                      ; CLOCK0                                                   ;
;     -- OUTDATA_REG_B                      ; UNREGISTERED                                             ;
;     -- RAM_BLOCK_TYPE                     ; AUTO                                                     ;
;     -- READ_DURING_WRITE_MODE_MIXED_PORTS ; DONT_CARE                                                ;
+-------------------------------------------+----------------------------------------------------------+


+----------------------------------------------------+
; Port Connectivity Checks: "core:core1|reg_file:rf" ;
+--------------+-------+----------+------------------+
; Port         ; Type  ; Severity ; Details          ;
+--------------+-------+----------+------------------+
; rd_addr_i[5] ; Input ; Info     ; Stuck at GND     ;
+--------------+-------+----------+------------------+


+-----------------------------------------------------+
; Post-Synthesis Netlist Statistics for Top Partition ;
+-----------------------+-----------------------------+
; Type                  ; Count                       ;
+-----------------------+-----------------------------+
; boundary_port         ; 272                         ;
; cycloneiii_ff         ; 296                         ;
;     ENA               ; 187                         ;
;     ENA SCLR          ; 6                           ;
;     ENA SCLR SLD      ; 10                          ;
;     SCLR              ; 3                           ;
;     plain             ; 90                          ;
; cycloneiii_lcell_comb ; 1482                        ;
;     arith             ; 143                         ;
;         2 data inputs ; 10                          ;
;         3 data inputs ; 133                         ;
;     normal            ; 1339                        ;
;         0 data inputs ; 2                           ;
;         1 data inputs ; 2                           ;
;         2 data inputs ; 177                         ;
;         3 data inputs ; 423                         ;
;         4 data inputs ; 735                         ;
; cycloneiii_ram_block  ; 80                          ;
;                       ;                             ;
; Max LUT depth         ; 15.00                       ;
; Average LUT depth     ; 9.11                        ;
+-----------------------+-----------------------------+


+-------------------------------+
; Elapsed Time Per Partition    ;
+----------------+--------------+
; Partition Name ; Elapsed Time ;
+----------------+--------------+
; Top            ; 00:00:11     ;
+----------------+--------------+


+-------------------------------+
; Analysis & Synthesis Messages ;
+-------------------------------+
Info: *******************************************************************
Info: Running Quartus II 64-Bit Analysis & Synthesis
    Info: Version 15.0.0 Build 145 04/22/2015 SJ Web Edition
    Info: Processing started: Wed Mar 16 11:25:09 2016
Info: Command: quartus_map --read_settings_files=on --write_settings_files=off core_flattened -c core_flattened
Warning (20028): Parallel compilation is not licensed and has been disabled
Info (12021): Found 1 design units, including 1 entities, in source file /users/michael/documents/schoolworks/2015/cse141l/lab3/core/src/core_flattened.sv
    Info (12023): Found entity 1: core_flattened
Info (12021): Found 1 design units, including 1 entities, in source file /users/michael/documents/schoolworks/2015/cse141l/lab3/core/src/reg_file.sv
    Info (12023): Found entity 1: reg_file
Info (12021): Found 1 design units, including 1 entities, in source file /users/michael/documents/schoolworks/2015/cse141l/lab3/core/src/net_packet_logger_s.sv
    Info (12023): Found entity 1: network_packet_s_logger
Info (12021): Found 1 design units, including 1 entities, in source file /users/michael/documents/schoolworks/2015/cse141l/lab3/core/src/instr_mem.sv
    Info (12023): Found entity 1: instr_mem
Info (12021): Found 0 design units, including 0 entities, in source file /users/michael/documents/schoolworks/2015/cse141l/lab3/core/src/disassemble.sv
Info (12021): Found 1 design units, including 0 entities, in source file /users/michael/documents/schoolworks/2015/cse141l/lab3/core/src/definitions.sv
    Info (12022): Found design unit 1: definitions (SystemVerilog)
Info (12021): Found 1 design units, including 1 entities, in source file /users/michael/documents/schoolworks/2015/cse141l/lab3/core/src/data_mem.sv
    Info (12023): Found entity 1: data_mem
Info (12021): Found 1 design units, including 1 entities, in source file /users/michael/documents/schoolworks/2015/cse141l/lab3/core/src/core.sv
    Info (12023): Found entity 1: core
Info (12021): Found 1 design units, including 1 entities, in source file /users/michael/documents/schoolworks/2015/cse141l/lab3/core/src/cl_state_machine.sv
    Info (12023): Found entity 1: cl_state_machine
Info (12021): Found 1 design units, including 1 entities, in source file /users/michael/documents/schoolworks/2015/cse141l/lab3/core/src/cl_decode.sv
    Info (12023): Found entity 1: cl_decode
Info (12021): Found 1 design units, including 1 entities, in source file /users/michael/documents/schoolworks/2015/cse141l/lab3/core/src/alu.sv
    Info (12023): Found entity 1: alu
Info (12127): Elaborating entity "core_flattened" for the top level hierarchy
Info (12128): Elaborating entity "core" for hierarchy "core:core1"
Warning (10230): Verilog HDL assignment warning at core.sv(141): truncated value with size 14 to match size of target (10)
Warning (10230): Verilog HDL assignment warning at core.sv(162): truncated value with size 14 to match size of target (10)
Info (12128): Elaborating entity "instr_mem" for hierarchy "core:core1|instr_mem:imem"
Info (19000): Inferred 1 megafunctions from design logic
    Info (276029): Inferred altsyncram megafunction from the following design logic: "core:core1|instr_mem:imem|altsyncram:mem[0].opcode[4]__1" 
        Info (286033): Parameter OPERATION_MODE set to SINGLE_PORT
        Info (286033): Parameter WIDTH_A set to 16
        Info (286033): Parameter WIDTHAD_A set to 10
        Info (286033): Parameter NUMWORDS_A set to 1024
        Info (286033): Parameter OUTDATA_REG_A set to UNREGISTERED
        Info (286033): Parameter ADDRESS_ACLR_A set to NONE
        Info (286033): Parameter OUTDATA_ACLR_A set to NONE
        Info (286033): Parameter READ_DURING_WRITE_MODE_PORT_A set to OLD_DATA
        Info (286033): Parameter INDATA_ACLR_A set to NONE
        Info (286033): Parameter WRCONTROL_ACLR_A set to NONE
Info (12128): Elaborating entity "altsyncram" for hierarchy "core:core1|instr_mem:imem|altsyncram:mem[0].opcode[4]__1"
Info (12130): Elaborated megafunction instantiation "core:core1|instr_mem:imem|altsyncram:mem[0].opcode[4]__1"
Info (12133): Instantiated megafunction "core:core1|instr_mem:imem|altsyncram:mem[0].opcode[4]__1" with the following parameter:
    Info (12134): Parameter "OPERATION_MODE" = "SINGLE_PORT"
    Info (12134): Parameter "WIDTH_A" = "16"
    Info (12134): Parameter "WIDTHAD_A" = "10"
    Info (12134): Parameter "NUMWORDS_A" = "1024"
    Info (12134): Parameter "OUTDATA_REG_A" = "UNREGISTERED"
    Info (12134): Parameter "ADDRESS_ACLR_A" = "NONE"
    Info (12134): Parameter "OUTDATA_ACLR_A" = "NONE"
    Info (12134): Parameter "READ_DURING_WRITE_MODE_PORT_A" = "OLD_DATA"
    Info (12134): Parameter "INDATA_ACLR_A" = "NONE"
    Info (12134): Parameter "WRCONTROL_ACLR_A" = "NONE"
Info (12021): Found 1 design units, including 1 entities, in source file db/altsyncram_gg81.tdf
    Info (12023): Found entity 1: altsyncram_gg81
Info (12128): Elaborating entity "altsyncram_gg81" for hierarchy "core:core1|instr_mem:imem|altsyncram:mem[0].opcode[4]__1|altsyncram_gg81:auto_generated"
Info (12128): Elaborating entity "cl_decode" for hierarchy "core:core1|cl_decode:decode"
Info (12128): Elaborating entity "reg_file" for hierarchy "core:core1|reg_file:rf"
Info (12128): Elaborating entity "alu" for hierarchy "core:core1|alu:alu_1"
Info (12128): Elaborating entity "cl_state_machine" for hierarchy "core:core1|cl_state_machine:state_machine"
Warning (13046): Tri-state node(s) do not directly drive top-level pin(s)
    Warning (13049): Converted tri-state buffer "core:core1|instruction_3_r.rs_imm[0]~0" feeding internal logic into a wire
    Warning (13049): Converted tri-state buffer "core:core1|instruction_3_r.rs_imm[1]~1" feeding internal logic into a wire
    Warning (13049): Converted tri-state buffer "core:core1|instruction_3_r.rs_imm[2]~2" feeding internal logic into a wire
    Warning (13049): Converted tri-state buffer "core:core1|instruction_3_r.rs_imm[3]~3" feeding internal logic into a wire
    Warning (13049): Converted tri-state buffer "core:core1|instruction_3_r.rs_imm[4]~4" feeding internal logic into a wire
    Warning (13049): Converted tri-state buffer "core:core1|instruction_3_r.rs_imm[5]~5" feeding internal logic into a wire
    Warning (13049): Converted tri-state buffer "core:core1|instruction_3_r.rd[0]~0" feeding internal logic into a wire
    Warning (13049): Converted tri-state buffer "core:core1|instruction_3_r.rd[1]~1" feeding internal logic into a wire
    Warning (13049): Converted tri-state buffer "core:core1|instruction_3_r.rd[2]~2" feeding internal logic into a wire
    Warning (13049): Converted tri-state buffer "core:core1|instruction_3_r.rd[3]~3" feeding internal logic into a wire
    Warning (13049): Converted tri-state buffer "core:core1|instruction_3_r.rd[4]~4" feeding internal logic into a wire
    Warning (13049): Converted tri-state buffer "core:core1|instruction_2_r.rs_imm[0]~0" feeding internal logic into a wire
    Warning (13049): Converted tri-state buffer "core:core1|instruction_2_r.rs_imm[1]~1" feeding internal logic into a wire
    Warning (13049): Converted tri-state buffer "core:core1|instruction_2_r.rs_imm[2]~2" feeding internal logic into a wire
    Warning (13049): Converted tri-state buffer "core:core1|instruction_2_r.rs_imm[3]~3" feeding internal logic into a wire
    Warning (13049): Converted tri-state buffer "core:core1|instruction_2_r.rs_imm[4]~4" feeding internal logic into a wire
    Warning (13049): Converted tri-state buffer "core:core1|instruction_2_r.rs_imm[5]~5" feeding internal logic into a wire
    Warning (13049): Converted tri-state buffer "core:core1|instruction_2_r.rd[0]~0" feeding internal logic into a wire
    Warning (13049): Converted tri-state buffer "core:core1|instruction_2_r.rd[1]~1" feeding internal logic into a wire
    Warning (13049): Converted tri-state buffer "core:core1|instruction_2_r.rd[2]~2" feeding internal logic into a wire
    Warning (13049): Converted tri-state buffer "core:core1|instruction_2_r.rd[3]~3" feeding internal logic into a wire
    Warning (13049): Converted tri-state buffer "core:core1|instruction_2_r.rd[4]~4" feeding internal logic into a wire
    Warning (13049): Converted tri-state buffer "core:core1|rs_addr[0]" feeding internal logic into a wire
    Warning (13049): Converted tri-state buffer "core:core1|rs_addr[1]" feeding internal logic into a wire
    Warning (13049): Converted tri-state buffer "core:core1|rs_addr[2]" feeding internal logic into a wire
    Warning (13049): Converted tri-state buffer "core:core1|rs_addr[3]" feeding internal logic into a wire
    Warning (13049): Converted tri-state buffer "core:core1|rs_addr[4]" feeding internal logic into a wire
    Warning (13049): Converted tri-state buffer "core:core1|rs_addr[5]" feeding internal logic into a wire
    Warning (13049): Converted tri-state buffer "core:core1|rd_addr[0]" feeding internal logic into a wire
    Warning (13049): Converted tri-state buffer "core:core1|rd_addr[1]" feeding internal logic into a wire
    Warning (13049): Converted tri-state buffer "core:core1|rd_addr[2]" feeding internal logic into a wire
    Warning (13049): Converted tri-state buffer "core:core1|rd_addr[3]" feeding internal logic into a wire
    Warning (13049): Converted tri-state buffer "core:core1|rd_addr[4]" feeding internal logic into a wire
Warning (276020): Inferred RAM node "core:core1|reg_file:rf|RF_rtl_0" from synchronous design logic.  Pass-through logic has been added to match the read-during-write behavior of the original design.
Warning (276020): Inferred RAM node "core:core1|reg_file:rf|RF_rtl_1" from synchronous design logic.  Pass-through logic has been added to match the read-during-write behavior of the original design.
Info (19000): Inferred 2 megafunctions from design logic
    Info (276029): Inferred altsyncram megafunction from the following design logic: "core:core1|reg_file:rf|RF_rtl_0" 
        Info (286033): Parameter OPERATION_MODE set to DUAL_PORT
        Info (286033): Parameter WIDTH_A set to 32
        Info (286033): Parameter WIDTHAD_A set to 6
        Info (286033): Parameter NUMWORDS_A set to 64
        Info (286033): Parameter WIDTH_B set to 32
        Info (286033): Parameter WIDTHAD_B set to 6
        Info (286033): Parameter NUMWORDS_B set to 64
        Info (286033): Parameter ADDRESS_ACLR_A set to NONE
        Info (286033): Parameter OUTDATA_REG_B set to UNREGISTERED
        Info (286033): Parameter ADDRESS_ACLR_B set to NONE
        Info (286033): Parameter OUTDATA_ACLR_B set to NONE
        Info (286033): Parameter ADDRESS_REG_B set to CLOCK0
        Info (286033): Parameter INDATA_ACLR_A set to NONE
        Info (286033): Parameter WRCONTROL_ACLR_A set to NONE
    Info (276029): Inferred altsyncram megafunction from the following design logic: "core:core1|reg_file:rf|RF_rtl_1" 
        Info (286033): Parameter OPERATION_MODE set to DUAL_PORT
        Info (286033): Parameter WIDTH_A set to 32
        Info (286033): Parameter WIDTHAD_A set to 6
        Info (286033): Parameter NUMWORDS_A set to 64
        Info (286033): Parameter WIDTH_B set to 32
        Info (286033): Parameter WIDTHAD_B set to 6
        Info (286033): Parameter NUMWORDS_B set to 64
        Info (286033): Parameter ADDRESS_ACLR_A set to NONE
        Info (286033): Parameter OUTDATA_REG_B set to UNREGISTERED
        Info (286033): Parameter ADDRESS_ACLR_B set to NONE
        Info (286033): Parameter OUTDATA_ACLR_B set to NONE
        Info (286033): Parameter ADDRESS_REG_B set to CLOCK0
        Info (286033): Parameter INDATA_ACLR_A set to NONE
        Info (286033): Parameter WRCONTROL_ACLR_A set to NONE
Info (12130): Elaborated megafunction instantiation "core:core1|reg_file:rf|altsyncram:RF_rtl_0"
Info (12133): Instantiated megafunction "core:core1|reg_file:rf|altsyncram:RF_rtl_0" with the following parameter:
    Info (12134): Parameter "OPERATION_MODE" = "DUAL_PORT"
    Info (12134): Parameter "WIDTH_A" = "32"
    Info (12134): Parameter "WIDTHAD_A" = "6"
    Info (12134): Parameter "NUMWORDS_A" = "64"
    Info (12134): Parameter "WIDTH_B" = "32"
    Info (12134): Parameter "WIDTHAD_B" = "6"
    Info (12134): Parameter "NUMWORDS_B" = "64"
    Info (12134): Parameter "ADDRESS_ACLR_A" = "NONE"
    Info (12134): Parameter "OUTDATA_REG_B" = "UNREGISTERED"
    Info (12134): Parameter "ADDRESS_ACLR_B" = "NONE"
    Info (12134): Parameter "OUTDATA_ACLR_B" = "NONE"
    Info (12134): Parameter "ADDRESS_REG_B" = "CLOCK0"
    Info (12134): Parameter "INDATA_ACLR_A" = "NONE"
    Info (12134): Parameter "WRCONTROL_ACLR_A" = "NONE"
Info (12021): Found 1 design units, including 1 entities, in source file db/altsyncram_9sd1.tdf
    Info (12023): Found entity 1: altsyncram_9sd1
Info (12130): Elaborated megafunction instantiation "core:core1|reg_file:rf|altsyncram:RF_rtl_1"
Info (12133): Instantiated megafunction "core:core1|reg_file:rf|altsyncram:RF_rtl_1" with the following parameter:
    Info (12134): Parameter "OPERATION_MODE" = "DUAL_PORT"
    Info (12134): Parameter "WIDTH_A" = "32"
    Info (12134): Parameter "WIDTHAD_A" = "6"
    Info (12134): Parameter "NUMWORDS_A" = "64"
    Info (12134): Parameter "WIDTH_B" = "32"
    Info (12134): Parameter "WIDTHAD_B" = "6"
    Info (12134): Parameter "NUMWORDS_B" = "64"
    Info (12134): Parameter "ADDRESS_ACLR_A" = "NONE"
    Info (12134): Parameter "OUTDATA_REG_B" = "UNREGISTERED"
    Info (12134): Parameter "ADDRESS_ACLR_B" = "NONE"
    Info (12134): Parameter "OUTDATA_ACLR_B" = "NONE"
    Info (12134): Parameter "ADDRESS_REG_B" = "CLOCK0"
    Info (12134): Parameter "INDATA_ACLR_A" = "NONE"
    Info (12134): Parameter "WRCONTROL_ACLR_A" = "NONE"
Info (286030): Timing-Driven Synthesis is running
Info (17049): 33 registers lost all their fanouts during netlist optimizations.
Info (144001): Generated suppressed messages file C:/Users/Michael/Documents/SchoolWorks/2015/CSE141L/Lab3/core/prj/output_files/core_flattened.map.smsg
Info (16010): Generating hard_block partition "hard_block:auto_generated_inst"
    Info (16011): Adding 0 node(s), including 0 DDIO, 0 PLL, 0 transceiver and 0 LCELL
Info (21057): Implemented 1956 device resources after synthesis - the final resource count might be different
    Info (21058): Implemented 101 input pins
    Info (21059): Implemented 171 output pins
    Info (21061): Implemented 1604 logic cells
    Info (21064): Implemented 80 RAM segments
Info: Quartus II 64-Bit Analysis & Synthesis was successful. 0 errors, 39 warnings
    Info: Peak virtual memory: 767 megabytes
    Info: Processing ended: Wed Mar 16 11:25:44 2016
    Info: Elapsed time: 00:00:35
    Info: Total CPU time (on all processors): 00:00:49


+------------------------------------------+
; Analysis & Synthesis Suppressed Messages ;
+------------------------------------------+
The suppressed messages can be found in C:/Users/Michael/Documents/SchoolWorks/2015/CSE141L/Lab3/core/prj/output_files/core_flattened.map.smsg.


